Args in experiment:
Namespace(random_seed=100, is_training=1, model_id='Patchformer_pretrain_sbk_7_1_50_56_8', model='PatchFormer_pretrain', data='sbk', root_path='./data/', data_path='sbk_ad_selected.csv', features='MS', target='BP', freq='d', checkpoints='./checkpoints/', n_subs=2, seq_len=56, label_len=7, pred_len=8, series_decomposition=True, kernel_size=7, decoder_mode='future_subs', individual=False, fc_dropout=0.1, head_dropout=0.0, patch_len=7, stride=1, padding_patch='end', affine=0, subtract_last=0, embed_type=0, enc_in=11, dec_in=11, c_out=11, d_model=32, n_heads=4, e_layers=3, d_layers=3, d_ff=128, moving_avg=3, factor=1, distil=True, dropout=0.05, embed='fixed', activation='gelu', output_attention=True, do_predict=False, revin=True, wodenorm=False, win_size=100, step=1, optimizer='adam', alpha=0.5, beta=0.5, dp_rank=8, rescale=1, merge_size=2, momentum=0.1, local_rank=0, devices_number=1, use_statistic=False, use_decomp=False, same_smoothing=False, warmup_epochs=0, num_workers=10, itr=1, train_epochs=50, batch_size=32, patience=3, learning_rate=0.001, des='Exp', loss='mse', lradj='type3', pct_start=0.3, use_amp=False, use_gpu=True, gpu=0, use_multi_gpu=False, devices='0,1,2,3', test_flop=False)
Use GPU: cuda:0
>>>>>>>start training : Patchformer_pretrain_sbk_7_1_50_56_8_PatchFormer_pretrain_sbk_ftMS_sl56_ll7_pl8_dm32_nh4_el3_dl3_df128_fc1_ebfixed_dtTrue_Exp_0>>>>>>>>>>>>>>>>>>>>>>>>>>
train 2007
val 627
test 627
Epoch: 1 cost time: 1.4604580402374268
Epoch: 1, Steps: 62 | Train Loss: 0.9463554 Vali Loss: 1.8588554 Test Loss: 1.5785059
Validation loss decreased (inf --> 1.858855).  Saving model ...
Updating learning rate to 0.001
Epoch: 2 cost time: 1.293971300125122
Epoch: 2, Steps: 62 | Train Loss: 0.7844247 Vali Loss: 1.5500948 Test Loss: 1.6551342
Validation loss decreased (1.858855 --> 1.550095).  Saving model ...
Updating learning rate to 0.001
Epoch: 3 cost time: 1.48807954788208
Epoch: 3, Steps: 62 | Train Loss: 0.6418856 Vali Loss: 1.5770683 Test Loss: 1.5344965
EarlyStopping counter: 1 out of 3
Updating learning rate to 0.001
Epoch: 4 cost time: 1.309669017791748
Epoch: 4, Steps: 62 | Train Loss: 0.5439013 Vali Loss: 1.6674833 Test Loss: 1.5284783
EarlyStopping counter: 2 out of 3
Updating learning rate to 0.0009000000000000001
Epoch: 5 cost time: 1.29219388961792
Epoch: 5, Steps: 62 | Train Loss: 0.4841146 Vali Loss: 2.0464017 Test Loss: 1.6348724
EarlyStopping counter: 3 out of 3
Early stopping
Total Training Time: 10.68 seconds
Total Trainable Parameters: 107,043
>>>>>>>testing : Patchformer_pretrain_sbk_7_1_50_56_8_PatchFormer_pretrain_sbk_ftMS_sl56_ll7_pl8_dm32_nh4_el3_dl3_df128_fc1_ebfixed_dtTrue_Exp_0<<<<<<<<<<<<<<<<<<<<<<<<<<<<<<<<<
test 627
