Args in experiment:
Namespace(random_seed=100, is_training=1, model_id='Patchformer_pretrain_sbk_7_1_8_14_8', model='PatchFormer_pretrain', data='sbk', root_path='./data/', data_path='sbk_ad_selected.csv', features='MS', target='BP', freq='d', checkpoints='./checkpoints/', n_subs=2, seq_len=14, label_len=7, pred_len=8, series_decomposition=True, kernel_size=7, decoder_mode='future_subs', individual=False, fc_dropout=0.1, head_dropout=0.0, patch_len=7, stride=1, padding_patch='end', affine=0, subtract_last=0, embed_type=0, enc_in=11, dec_in=11, c_out=11, d_model=32, n_heads=4, e_layers=3, d_layers=3, d_ff=128, moving_avg=3, factor=1, distil=True, dropout=0.05, embed='fixed', activation='gelu', output_attention=True, do_predict=False, revin=True, wodenorm=False, win_size=100, step=1, optimizer='adam', alpha=0.5, beta=0.5, dp_rank=8, rescale=1, merge_size=2, momentum=0.1, local_rank=0, devices_number=1, use_statistic=False, use_decomp=False, same_smoothing=False, warmup_epochs=0, num_workers=10, itr=1, train_epochs=50, batch_size=32, patience=3, learning_rate=0.001, des='Exp', loss='mse', lradj='type3', pct_start=0.3, use_amp=False, use_gpu=True, gpu=0, use_multi_gpu=False, devices='0,1,2,3', test_flop=False)
Use GPU: cuda:0
>>>>>>>start training : Patchformer_pretrain_sbk_7_1_8_14_8_PatchFormer_pretrain_sbk_ftMS_sl14_ll7_pl8_dm32_nh4_el3_dl3_df128_fc1_ebfixed_dtTrue_Exp_0>>>>>>>>>>>>>>>>>>>>>>>>>>
train 2049
val 669
test 669
Epoch: 1 cost time: 1.5587692260742188
Epoch: 1, Steps: 64 | Train Loss: 1.0211097 Vali Loss: 1.9289042 Test Loss: 1.4764891
Validation loss decreased (inf --> 1.928904).  Saving model ...
Updating learning rate to 0.001
Epoch: 2 cost time: 1.2887847423553467
Epoch: 2, Steps: 64 | Train Loss: 0.8982698 Vali Loss: 1.4582289 Test Loss: 1.2311518
Validation loss decreased (1.928904 --> 1.458229).  Saving model ...
Updating learning rate to 0.001
Epoch: 3 cost time: 1.4629616737365723
Epoch: 3, Steps: 64 | Train Loss: 0.7253174 Vali Loss: 1.4524845 Test Loss: 1.0873075
Validation loss decreased (1.458229 --> 1.452484).  Saving model ...
Updating learning rate to 0.001
Epoch: 4 cost time: 1.1767988204956055
Epoch: 4, Steps: 64 | Train Loss: 0.6274430 Vali Loss: 1.4208323 Test Loss: 1.0751399
Validation loss decreased (1.452484 --> 1.420832).  Saving model ...
Updating learning rate to 0.0009000000000000001
Epoch: 5 cost time: 1.4553048610687256
Epoch: 5, Steps: 64 | Train Loss: 0.5493306 Vali Loss: 1.2721162 Test Loss: 1.0100055
Validation loss decreased (1.420832 --> 1.272116).  Saving model ...
Updating learning rate to 0.0008100000000000001
Epoch: 6 cost time: 1.7400457859039307
Epoch: 6, Steps: 64 | Train Loss: 0.5212389 Vali Loss: 1.5149455 Test Loss: 1.0110841
EarlyStopping counter: 1 out of 3
Updating learning rate to 0.0007290000000000002
Epoch: 7 cost time: 1.3061299324035645
Epoch: 7, Steps: 64 | Train Loss: 0.4927538 Vali Loss: 1.4894032 Test Loss: 0.9701745
EarlyStopping counter: 2 out of 3
Updating learning rate to 0.0006561000000000001
Epoch: 8 cost time: 1.1366407871246338
Epoch: 8, Steps: 64 | Train Loss: 0.4475316 Vali Loss: 1.3936846 Test Loss: 0.9602956
EarlyStopping counter: 3 out of 3
Early stopping
Total Training Time: 16.84 seconds
Total Trainable Parameters: 107,043
>>>>>>>testing : Patchformer_pretrain_sbk_7_1_8_14_8_PatchFormer_pretrain_sbk_ftMS_sl14_ll7_pl8_dm32_nh4_el3_dl3_df128_fc1_ebfixed_dtTrue_Exp_0<<<<<<<<<<<<<<<<<<<<<<<<<<<<<<<<<
test 669
