Args in experiment:
Namespace(random_seed=100, is_training=1, model_id='Patchformer_pretrain_sbk_7_1_22_28_8', model='PatchFormer_pretrain', data='sbk', root_path='./data/', data_path='sbk_ad_selected.csv', features='MS', target='BP', freq='d', checkpoints='./checkpoints/', n_subs=2, seq_len=28, label_len=7, pred_len=8, series_decomposition=True, kernel_size=7, decoder_mode='future_subs', individual=False, fc_dropout=0.1, head_dropout=0.0, patch_len=7, stride=1, padding_patch='end', affine=0, subtract_last=0, embed_type=0, enc_in=11, dec_in=11, c_out=11, d_model=32, n_heads=4, e_layers=3, d_layers=3, d_ff=128, moving_avg=3, factor=1, distil=True, dropout=0.05, embed='fixed', activation='gelu', output_attention=True, do_predict=False, revin=True, wodenorm=False, win_size=100, step=1, optimizer='adam', alpha=0.5, beta=0.5, dp_rank=8, rescale=1, merge_size=2, momentum=0.1, local_rank=0, devices_number=1, use_statistic=False, use_decomp=False, same_smoothing=False, warmup_epochs=0, num_workers=10, itr=1, train_epochs=50, batch_size=32, patience=3, learning_rate=0.001, des='Exp', loss='mse', lradj='type3', pct_start=0.3, use_amp=False, use_gpu=True, gpu=0, use_multi_gpu=False, devices='0,1,2,3', test_flop=False)
Use GPU: cuda:0
>>>>>>>start training : Patchformer_pretrain_sbk_7_1_22_28_8_PatchFormer_pretrain_sbk_ftMS_sl28_ll7_pl8_dm32_nh4_el3_dl3_df128_fc1_ebfixed_dtTrue_Exp_0>>>>>>>>>>>>>>>>>>>>>>>>>>
train 2035
val 655
test 655
Epoch: 1 cost time: 1.717677354812622
Epoch: 1, Steps: 63 | Train Loss: 0.9804509 Vali Loss: 1.9631361 Test Loss: 1.5488384
Validation loss decreased (inf --> 1.963136).  Saving model ...
Updating learning rate to 0.001
Epoch: 2 cost time: 1.1051487922668457
Epoch: 2, Steps: 63 | Train Loss: 0.8512150 Vali Loss: 1.6792400 Test Loss: 1.3590568
Validation loss decreased (1.963136 --> 1.679240).  Saving model ...
Updating learning rate to 0.001
Epoch: 3 cost time: 1.3334760665893555
Epoch: 3, Steps: 63 | Train Loss: 0.6981621 Vali Loss: 1.6337738 Test Loss: 1.0885100
Validation loss decreased (1.679240 --> 1.633774).  Saving model ...
Updating learning rate to 0.001
Epoch: 4 cost time: 1.2789459228515625
Epoch: 4, Steps: 63 | Train Loss: 0.5804331 Vali Loss: 2.1572380 Test Loss: 1.2090579
EarlyStopping counter: 1 out of 3
Updating learning rate to 0.0009000000000000001
Epoch: 5 cost time: 1.2382838726043701
Epoch: 5, Steps: 63 | Train Loss: 0.4894868 Vali Loss: 1.8465462 Test Loss: 1.2380381
EarlyStopping counter: 2 out of 3
Updating learning rate to 0.0008100000000000001
Epoch: 6 cost time: 1.4706737995147705
Epoch: 6, Steps: 63 | Train Loss: 0.4472771 Vali Loss: 1.4777946 Test Loss: 1.0956980
Validation loss decreased (1.633774 --> 1.477795).  Saving model ...
Updating learning rate to 0.0007290000000000002
Epoch: 7 cost time: 1.254967451095581
Epoch: 7, Steps: 63 | Train Loss: 0.4095936 Vali Loss: 1.9893253 Test Loss: 1.1685325
EarlyStopping counter: 1 out of 3
Updating learning rate to 0.0006561000000000001
Epoch: 8 cost time: 1.5250613689422607
Epoch: 8, Steps: 63 | Train Loss: 0.3840509 Vali Loss: 1.6137378 Test Loss: 1.0758345
EarlyStopping counter: 2 out of 3
Updating learning rate to 0.00059049
Epoch: 9 cost time: 1.3803861141204834
Epoch: 9, Steps: 63 | Train Loss: 0.3669823 Vali Loss: 1.6631720 Test Loss: 1.0670044
EarlyStopping counter: 3 out of 3
Early stopping
Total Training Time: 18.61 seconds
Total Trainable Parameters: 107,043
>>>>>>>testing : Patchformer_pretrain_sbk_7_1_22_28_8_PatchFormer_pretrain_sbk_ftMS_sl28_ll7_pl8_dm32_nh4_el3_dl3_df128_fc1_ebfixed_dtTrue_Exp_0<<<<<<<<<<<<<<<<<<<<<<<<<<<<<<<<<
test 655
