Args in experiment:
Namespace(random_seed=100, is_training=1, model_id='Patchformer_pretrain_sbk_7_1_50_56_7', model='PatchFormer_pretrain', data='sbk', root_path='./data/', data_path='sbk_ad_selected.csv', features='MS', target='BP', freq='d', checkpoints='./checkpoints/', n_subs=2, seq_len=56, label_len=7, pred_len=7, series_decomposition=True, kernel_size=7, decoder_mode='future_subs', individual=False, fc_dropout=0.1, head_dropout=0.0, patch_len=7, stride=1, padding_patch='end', affine=0, subtract_last=0, embed_type=0, enc_in=11, dec_in=11, c_out=11, d_model=32, n_heads=4, e_layers=3, d_layers=3, d_ff=128, moving_avg=3, factor=1, distil=True, dropout=0.05, embed='fixed', activation='gelu', output_attention=True, do_predict=False, revin=True, wodenorm=False, win_size=100, step=1, optimizer='adam', alpha=0.5, beta=0.5, dp_rank=8, rescale=1, merge_size=2, momentum=0.1, local_rank=0, devices_number=1, use_statistic=False, use_decomp=False, same_smoothing=False, warmup_epochs=0, num_workers=10, itr=1, train_epochs=50, batch_size=32, patience=3, learning_rate=0.001, des='Exp', loss='mse', lradj='type3', pct_start=0.3, use_amp=False, use_gpu=True, gpu=0, use_multi_gpu=False, devices='0,1,2,3', test_flop=False)
Use GPU: cuda:0
>>>>>>>start training : Patchformer_pretrain_sbk_7_1_50_56_7_PatchFormer_pretrain_sbk_ftMS_sl56_ll7_pl7_dm32_nh4_el3_dl3_df128_fc1_ebfixed_dtTrue_Exp_0>>>>>>>>>>>>>>>>>>>>>>>>>>
train 2008
val 628
test 628
Epoch: 1 cost time: 1.8697121143341064
Epoch: 1, Steps: 62 | Train Loss: 0.9315681 Vali Loss: 1.8443973 Test Loss: 1.6388705
Validation loss decreased (inf --> 1.844397).  Saving model ...
Updating learning rate to 0.001
Epoch: 2 cost time: 1.238128662109375
Epoch: 2, Steps: 62 | Train Loss: 0.7525890 Vali Loss: 1.5581698 Test Loss: 1.5132380
Validation loss decreased (1.844397 --> 1.558170).  Saving model ...
Updating learning rate to 0.001
Epoch: 3 cost time: 1.394648790359497
Epoch: 3, Steps: 62 | Train Loss: 0.6551546 Vali Loss: 1.2902552 Test Loss: 1.6095362
Validation loss decreased (1.558170 --> 1.290255).  Saving model ...
Updating learning rate to 0.001
Epoch: 4 cost time: 1.402357578277588
Epoch: 4, Steps: 62 | Train Loss: 0.5847289 Vali Loss: 1.7139724 Test Loss: 2.3875735
EarlyStopping counter: 1 out of 3
Updating learning rate to 0.0009000000000000001
Epoch: 5 cost time: 1.3180553913116455
Epoch: 5, Steps: 62 | Train Loss: 0.4904956 Vali Loss: 1.4601358 Test Loss: 1.4703742
EarlyStopping counter: 2 out of 3
Updating learning rate to 0.0008100000000000001
Epoch: 6 cost time: 1.416410207748413
Epoch: 6, Steps: 62 | Train Loss: 0.4662593 Vali Loss: 1.7583755 Test Loss: 1.7846535
EarlyStopping counter: 3 out of 3
Early stopping
Total Training Time: 12.94 seconds
Total Trainable Parameters: 106,983
>>>>>>>testing : Patchformer_pretrain_sbk_7_1_50_56_7_PatchFormer_pretrain_sbk_ftMS_sl56_ll7_pl7_dm32_nh4_el3_dl3_df128_fc1_ebfixed_dtTrue_Exp_0<<<<<<<<<<<<<<<<<<<<<<<<<<<<<<<<<
test 628
