Args in experiment:
Namespace(random_seed=100, is_training=1, model_id='Patchformer_pretrain_sbk_7_1_8_14_14', model='PatchFormer_pretrain', data='sbk', root_path='./data/', data_path='sbk_ad_selected.csv', features='MS', target='BP', freq='d', checkpoints='./checkpoints/', n_subs=2, seq_len=14, label_len=7, pred_len=14, series_decomposition=True, kernel_size=7, decoder_mode='future_subs', individual=False, fc_dropout=0.1, head_dropout=0.0, patch_len=7, stride=1, padding_patch='end', affine=0, subtract_last=0, embed_type=0, enc_in=11, dec_in=11, c_out=11, d_model=32, n_heads=4, e_layers=3, d_layers=3, d_ff=128, moving_avg=3, factor=1, distil=True, dropout=0.05, embed='fixed', activation='gelu', output_attention=True, do_predict=False, revin=True, wodenorm=False, win_size=100, step=1, optimizer='adam', alpha=0.5, beta=0.5, dp_rank=8, rescale=1, merge_size=2, momentum=0.1, local_rank=0, devices_number=1, use_statistic=False, use_decomp=False, same_smoothing=False, warmup_epochs=0, num_workers=10, itr=1, train_epochs=50, batch_size=32, patience=3, learning_rate=0.001, des='Exp', loss='mse', lradj='type3', pct_start=0.3, use_amp=False, use_gpu=True, gpu=0, use_multi_gpu=False, devices='0,1,2,3', test_flop=False)
Use GPU: cuda:0
>>>>>>>start training : Patchformer_pretrain_sbk_7_1_8_14_14_PatchFormer_pretrain_sbk_ftMS_sl14_ll7_pl14_dm32_nh4_el3_dl3_df128_fc1_ebfixed_dtTrue_Exp_0>>>>>>>>>>>>>>>>>>>>>>>>>>
train 2043
val 663
test 663
Epoch: 1 cost time: 1.5023915767669678
Epoch: 1, Steps: 63 | Train Loss: 1.0612979 Vali Loss: 1.9886032 Test Loss: 1.5324196
Validation loss decreased (inf --> 1.988603).  Saving model ...
Updating learning rate to 0.001
Epoch: 2 cost time: 1.350510597229004
Epoch: 2, Steps: 63 | Train Loss: 0.9225066 Vali Loss: 1.6553857 Test Loss: 1.3327256
Validation loss decreased (1.988603 --> 1.655386).  Saving model ...
Updating learning rate to 0.001
Epoch: 3 cost time: 1.502668857574463
Epoch: 3, Steps: 63 | Train Loss: 0.7487274 Vali Loss: 1.6930329 Test Loss: 1.2268882
EarlyStopping counter: 1 out of 3
Updating learning rate to 0.001
Epoch: 4 cost time: 1.4899067878723145
Epoch: 4, Steps: 63 | Train Loss: 0.6976430 Vali Loss: 1.8249595 Test Loss: 1.1172518
EarlyStopping counter: 2 out of 3
Updating learning rate to 0.0009000000000000001
Epoch: 5 cost time: 1.4358906745910645
Epoch: 5, Steps: 63 | Train Loss: 0.6088062 Vali Loss: 1.6550630 Test Loss: 1.2096941
Validation loss decreased (1.655386 --> 1.655063).  Saving model ...
Updating learning rate to 0.0008100000000000001
Epoch: 6 cost time: 1.3653216361999512
Epoch: 6, Steps: 63 | Train Loss: 0.5590372 Vali Loss: 1.6137276 Test Loss: 1.2037618
Validation loss decreased (1.655063 --> 1.613728).  Saving model ...
Updating learning rate to 0.0007290000000000002
Epoch: 7 cost time: 1.3173794746398926
Epoch: 7, Steps: 63 | Train Loss: 0.5342183 Vali Loss: 1.6871700 Test Loss: 1.1362123
EarlyStopping counter: 1 out of 3
Updating learning rate to 0.0006561000000000001
Epoch: 8 cost time: 1.5318212509155273
Epoch: 8, Steps: 63 | Train Loss: 0.5101240 Vali Loss: 1.9357157 Test Loss: 1.1378736
EarlyStopping counter: 2 out of 3
Updating learning rate to 0.00059049
Epoch: 9 cost time: 1.5851666927337646
Epoch: 9, Steps: 63 | Train Loss: 0.4760841 Vali Loss: 1.6306083 Test Loss: 1.1450280
EarlyStopping counter: 3 out of 3
Early stopping
Total Training Time: 19.14 seconds
Total Trainable Parameters: 107,487
>>>>>>>testing : Patchformer_pretrain_sbk_7_1_8_14_14_PatchFormer_pretrain_sbk_ftMS_sl14_ll7_pl14_dm32_nh4_el3_dl3_df128_fc1_ebfixed_dtTrue_Exp_0<<<<<<<<<<<<<<<<<<<<<<<<<<<<<<<<<
test 663
