Args in experiment:
Namespace(random_seed=100, is_training=1, model_id='Patchformer_pretrain_sbk_7_1_50_56_10', model='PatchFormer_pretrain', data='sbk', root_path='./data/', data_path='sbk_ad_selected.csv', features='MS', target='BP', freq='d', checkpoints='./checkpoints/', n_subs=2, seq_len=56, label_len=7, pred_len=10, series_decomposition=True, kernel_size=7, decoder_mode='future_subs', individual=False, fc_dropout=0.1, head_dropout=0.0, patch_len=7, stride=1, padding_patch='end', affine=0, subtract_last=0, embed_type=0, enc_in=11, dec_in=11, c_out=11, d_model=32, n_heads=4, e_layers=3, d_layers=3, d_ff=128, moving_avg=3, factor=1, distil=True, dropout=0.05, embed='fixed', activation='gelu', output_attention=True, do_predict=False, revin=True, wodenorm=False, win_size=100, step=1, optimizer='adam', alpha=0.5, beta=0.5, dp_rank=8, rescale=1, merge_size=2, momentum=0.1, local_rank=0, devices_number=1, use_statistic=False, use_decomp=False, same_smoothing=False, warmup_epochs=0, num_workers=10, itr=1, train_epochs=50, batch_size=32, patience=3, learning_rate=0.001, des='Exp', loss='mse', lradj='type3', pct_start=0.3, use_amp=False, use_gpu=True, gpu=0, use_multi_gpu=False, devices='0,1,2,3', test_flop=False)
Use GPU: cuda:0
>>>>>>>start training : Patchformer_pretrain_sbk_7_1_50_56_10_PatchFormer_pretrain_sbk_ftMS_sl56_ll7_pl10_dm32_nh4_el3_dl3_df128_fc1_ebfixed_dtTrue_Exp_0>>>>>>>>>>>>>>>>>>>>>>>>>>
train 2005
val 625
test 625
Epoch: 1 cost time: 1.3016362190246582
Epoch: 1, Steps: 62 | Train Loss: 0.9341431 Vali Loss: 1.8989483 Test Loss: 1.6445024
Validation loss decreased (inf --> 1.898948).  Saving model ...
Updating learning rate to 0.001
Epoch: 2 cost time: 1.5323686599731445
Epoch: 2, Steps: 62 | Train Loss: 0.7863352 Vali Loss: 1.4861512 Test Loss: 1.4111388
Validation loss decreased (1.898948 --> 1.486151).  Saving model ...
Updating learning rate to 0.001
Epoch: 3 cost time: 1.266066074371338
Epoch: 3, Steps: 62 | Train Loss: 0.6439045 Vali Loss: 1.6204423 Test Loss: 1.7322352
EarlyStopping counter: 1 out of 3
Updating learning rate to 0.001
Epoch: 4 cost time: 1.5467414855957031
Epoch: 4, Steps: 62 | Train Loss: 0.5303584 Vali Loss: 2.6894650 Test Loss: 3.1622853
EarlyStopping counter: 2 out of 3
Updating learning rate to 0.0009000000000000001
Epoch: 5 cost time: 1.3939518928527832
Epoch: 5, Steps: 62 | Train Loss: 0.4474618 Vali Loss: 2.2362368 Test Loss: 1.7294271
EarlyStopping counter: 3 out of 3
Early stopping
Total Training Time: 10.90 seconds
Total Trainable Parameters: 107,175
>>>>>>>testing : Patchformer_pretrain_sbk_7_1_50_56_10_PatchFormer_pretrain_sbk_ftMS_sl56_ll7_pl10_dm32_nh4_el3_dl3_df128_fc1_ebfixed_dtTrue_Exp_0<<<<<<<<<<<<<<<<<<<<<<<<<<<<<<<<<
test 625
