Args in experiment:
Namespace(random_seed=100, is_training=1, model_id='Patchformer_pretrain_sbk_7_1_36_42_10', model='PatchFormer_pretrain', data='sbk', root_path='./data/', data_path='sbk_ad_selected.csv', features='MS', target='BP', freq='d', checkpoints='./checkpoints/', n_subs=2, seq_len=42, label_len=7, pred_len=10, series_decomposition=True, kernel_size=7, decoder_mode='future_subs', individual=False, fc_dropout=0.1, head_dropout=0.0, patch_len=7, stride=1, padding_patch='end', affine=0, subtract_last=0, embed_type=0, enc_in=11, dec_in=11, c_out=11, d_model=32, n_heads=4, e_layers=3, d_layers=3, d_ff=128, moving_avg=3, factor=1, distil=True, dropout=0.05, embed='fixed', activation='gelu', output_attention=True, do_predict=False, revin=True, wodenorm=False, win_size=100, step=1, optimizer='adam', alpha=0.5, beta=0.5, dp_rank=8, rescale=1, merge_size=2, momentum=0.1, local_rank=0, devices_number=1, use_statistic=False, use_decomp=False, same_smoothing=False, warmup_epochs=0, num_workers=10, itr=1, train_epochs=50, batch_size=32, patience=3, learning_rate=0.001, des='Exp', loss='mse', lradj='type3', pct_start=0.3, use_amp=False, use_gpu=True, gpu=0, use_multi_gpu=False, devices='0,1,2,3', test_flop=False)
Use GPU: cuda:0
>>>>>>>start training : Patchformer_pretrain_sbk_7_1_36_42_10_PatchFormer_pretrain_sbk_ftMS_sl42_ll7_pl10_dm32_nh4_el3_dl3_df128_fc1_ebfixed_dtTrue_Exp_0>>>>>>>>>>>>>>>>>>>>>>>>>>
train 2019
val 639
test 639
Epoch: 1 cost time: 1.4275784492492676
Epoch: 1, Steps: 63 | Train Loss: 0.9779352 Vali Loss: 2.0333419 Test Loss: 1.6544279
Validation loss decreased (inf --> 2.033342).  Saving model ...
Updating learning rate to 0.001
Epoch: 2 cost time: 1.3377351760864258
Epoch: 2, Steps: 63 | Train Loss: 0.8834355 Vali Loss: 1.7059559 Test Loss: 1.4683726
Validation loss decreased (2.033342 --> 1.705956).  Saving model ...
Updating learning rate to 0.001
Epoch: 3 cost time: 1.3428993225097656
Epoch: 3, Steps: 63 | Train Loss: 0.7288613 Vali Loss: 1.7791179 Test Loss: 1.5881203
EarlyStopping counter: 1 out of 3
Updating learning rate to 0.001
Epoch: 4 cost time: 1.3168470859527588
Epoch: 4, Steps: 63 | Train Loss: 0.5851545 Vali Loss: 2.0376215 Test Loss: 1.6501497
EarlyStopping counter: 2 out of 3
Updating learning rate to 0.0009000000000000001
Epoch: 5 cost time: 1.2799263000488281
Epoch: 5, Steps: 63 | Train Loss: 0.4842239 Vali Loss: 2.2100859 Test Loss: 1.3770164
EarlyStopping counter: 3 out of 3
Early stopping
Total Training Time: 10.39 seconds
Total Trainable Parameters: 107,175
>>>>>>>testing : Patchformer_pretrain_sbk_7_1_36_42_10_PatchFormer_pretrain_sbk_ftMS_sl42_ll7_pl10_dm32_nh4_el3_dl3_df128_fc1_ebfixed_dtTrue_Exp_0<<<<<<<<<<<<<<<<<<<<<<<<<<<<<<<<<
test 639
