Args in experiment:
Namespace(random_seed=100, is_training=1, model_id='Patchformer_pretrain_sbk_7_1_8_14_11', model='PatchFormer_pretrain', data='sbk', root_path='./data/', data_path='sbk_ad_selected.csv', features='MS', target='BP', freq='d', checkpoints='./checkpoints/', n_subs=2, seq_len=14, label_len=7, pred_len=11, series_decomposition=True, kernel_size=7, decoder_mode='future_subs', individual=False, fc_dropout=0.1, head_dropout=0.0, patch_len=7, stride=1, padding_patch='end', affine=0, subtract_last=0, embed_type=0, enc_in=11, dec_in=11, c_out=11, d_model=32, n_heads=4, e_layers=3, d_layers=3, d_ff=128, moving_avg=3, factor=1, distil=True, dropout=0.05, embed='fixed', activation='gelu', output_attention=True, do_predict=False, revin=True, wodenorm=False, win_size=100, step=1, optimizer='adam', alpha=0.5, beta=0.5, dp_rank=8, rescale=1, merge_size=2, momentum=0.1, local_rank=0, devices_number=1, use_statistic=False, use_decomp=False, same_smoothing=False, warmup_epochs=0, num_workers=10, itr=1, train_epochs=50, batch_size=32, patience=3, learning_rate=0.001, des='Exp', loss='mse', lradj='type3', pct_start=0.3, use_amp=False, use_gpu=True, gpu=0, use_multi_gpu=False, devices='0,1,2,3', test_flop=False)
Use GPU: cuda:0
>>>>>>>start training : Patchformer_pretrain_sbk_7_1_8_14_11_PatchFormer_pretrain_sbk_ftMS_sl14_ll7_pl11_dm32_nh4_el3_dl3_df128_fc1_ebfixed_dtTrue_Exp_0>>>>>>>>>>>>>>>>>>>>>>>>>>
train 2046
val 666
test 666
Epoch: 1 cost time: 1.674084186553955
Epoch: 1, Steps: 63 | Train Loss: 1.0306222 Vali Loss: 1.9524925 Test Loss: 1.4631604
Validation loss decreased (inf --> 1.952492).  Saving model ...
Updating learning rate to 0.001
Epoch: 2 cost time: 1.358619213104248
Epoch: 2, Steps: 63 | Train Loss: 0.8821618 Vali Loss: 1.7282684 Test Loss: 1.1993662
Validation loss decreased (1.952492 --> 1.728268).  Saving model ...
Updating learning rate to 0.001
Epoch: 3 cost time: 1.1815011501312256
Epoch: 3, Steps: 63 | Train Loss: 0.7177116 Vali Loss: 1.8201637 Test Loss: 1.1979173
EarlyStopping counter: 1 out of 3
Updating learning rate to 0.001
Epoch: 4 cost time: 1.3561935424804688
Epoch: 4, Steps: 63 | Train Loss: 0.6489158 Vali Loss: 1.5490472 Test Loss: 1.1483911
Validation loss decreased (1.728268 --> 1.549047).  Saving model ...
Updating learning rate to 0.0009000000000000001
Epoch: 5 cost time: 1.5600321292877197
Epoch: 5, Steps: 63 | Train Loss: 0.5692217 Vali Loss: 1.6964338 Test Loss: 0.9703158
EarlyStopping counter: 1 out of 3
Updating learning rate to 0.0008100000000000001
Epoch: 6 cost time: 1.3802978992462158
Epoch: 6, Steps: 63 | Train Loss: 0.5313426 Vali Loss: 1.6033227 Test Loss: 1.3716333
EarlyStopping counter: 2 out of 3
Updating learning rate to 0.0007290000000000002
Epoch: 7 cost time: 1.6429340839385986
Epoch: 7, Steps: 63 | Train Loss: 0.5092924 Vali Loss: 1.5692075 Test Loss: 1.0469306
EarlyStopping counter: 3 out of 3
Early stopping
Total Training Time: 15.47 seconds
Total Trainable Parameters: 107,247
>>>>>>>testing : Patchformer_pretrain_sbk_7_1_8_14_11_PatchFormer_pretrain_sbk_ftMS_sl14_ll7_pl11_dm32_nh4_el3_dl3_df128_fc1_ebfixed_dtTrue_Exp_0<<<<<<<<<<<<<<<<<<<<<<<<<<<<<<<<<
test 666
